<?xml version="1.0" encoding="UTF-8"?>
<testng-results skipped="0" failed="0" ignored="0" total="1" passed="1">
  <reporter-output>
  </reporter-output>
  <suite name="Default suite" duration-ms="9712" started-at="2018-05-25T07:24:04Z" finished-at="2018-05-25T07:24:14Z">
    <groups>
    </groups>
    <test name="Default test" duration-ms="9712" started-at="2018-05-25T07:24:04Z" finished-at="2018-05-25T07:24:14Z">
      <class name="com.seleniumAdvance.app.WebElementExtenderTest">
        <test-method status="PASS" signature="setup()[pri:0, instance:com.seleniumAdvance.app.WebElementExtenderTest@685cb137]" name="setup" is-config="true" duration-ms="7847" started-at="2018-05-25T07:24:04Z" finished-at="2018-05-25T07:24:12Z">
          <reporter-output>
          </reporter-output>
        </test-method> <!-- setup -->
        <test-method status="PASS" signature="searchGoogleTest()[pri:0, instance:com.seleniumAdvance.app.WebElementExtenderTest@685cb137]" name="searchGoogleTest" duration-ms="1780" started-at="2018-05-25T07:24:12Z" finished-at="2018-05-25T07:24:14Z">
          <reporter-output>
          </reporter-output>
        </test-method> <!-- searchGoogleTest -->
      </class> <!-- com.seleniumAdvance.app.WebElementExtenderTest -->
    </test> <!-- Default test -->
  </suite> <!-- Default suite -->
</testng-results>
