<?xml version="1.0" encoding="UTF-8"?>
<testng-results skipped="0" failed="0" ignored="0" total="1" passed="1">
  <reporter-output>
  </reporter-output>
  <suite name="Default suite" duration-ms="8072" started-at="2018-05-25T12:04:01Z" finished-at="2018-05-25T12:04:09Z">
    <groups>
    </groups>
    <test name="Default test" duration-ms="8072" started-at="2018-05-25T12:04:01Z" finished-at="2018-05-25T12:04:09Z">
      <class name="com.seleniumAdvance.app.ObjectMapTest">
        <test-method status="PASS" signature="setup()[pri:0, instance:com.seleniumAdvance.app.ObjectMapTest@5e3a8624]" name="setup" is-config="true" duration-ms="6474" started-at="2018-05-25T12:04:01Z" finished-at="2018-05-25T12:04:07Z">
          <reporter-output>
          </reporter-output>
        </test-method> <!-- setup -->
        <test-method status="PASS" signature="ObjectMapTest1()[pri:0, instance:com.seleniumAdvance.app.ObjectMapTest@5e3a8624]" name="ObjectMapTest1" duration-ms="915" started-at="2018-05-25T12:04:07Z" finished-at="2018-05-25T12:04:08Z">
          <reporter-output>
          </reporter-output>
        </test-method> <!-- ObjectMapTest1 -->
        <test-method status="PASS" signature="tearDown()[pri:0, instance:com.seleniumAdvance.app.ObjectMapTest@5e3a8624]" name="tearDown" is-config="true" duration-ms="589" started-at="2018-05-25T12:04:08Z" finished-at="2018-05-25T12:04:09Z">
          <reporter-output>
          </reporter-output>
        </test-method> <!-- tearDown -->
      </class> <!-- com.seleniumAdvance.app.ObjectMapTest -->
    </test> <!-- Default test -->
  </suite> <!-- Default suite -->
</testng-results>
